
Start Validation of semiconjugacy to shift dynamics: Sat Mar  1 02:37:24 2025

Number of threads: 144
####################################

[0.12, 0.20534700000008535]
{
{0,1},
{1,1}
}

[0.20534700000008535, 0.22494800000010495]
{
{0,1,1},
{1,1,1},
{1,0,0}
}

[0.22494800000010495, 0.24526600000012527]
{
{0,1,1},
{1,1,1},
{1,1,0}
}

[0.24526600000012527, 0.24813100000012814]
{
{0,1,1},
{1,1,1},
{1,1,1}
}

[0.24813100000012814, 0.26019000000042303]
{
{0,1,1,1},
{1,1,1,1},
{1,1,1,1},
{0,0,0,1}
}

[0.26019000000042303, 0.26853900000066311]
{
{0,1,1,1},
{1,1,1,1},
{1,1,1,1},
{0,0,1,1}
}

[0.26853900000066311, 0.28211900000105361]
{
{0,1,1,1},
{1,1,1,1},
{1,1,1,1},
{0,1,1,1}
}

[0.28211900000105361, 0.29325700000137389]
{
{0,0,1,1},
{1,1,1,1},
{1,1,1,1},
{1,1,1,1}
}

[0.29325700000137389, 0.29927300000154688]
{
{0,0,1,1,1},
{1,1,1,1,1},
{1,1,1,1,1},
{1,1,1,1,1},
{1,0,0,0,0}
}

[0.29927300000154688, 0.30450100000169722]
{
{0,0,1,1,1},
{1,1,1,1,1},
{1,1,1,1,1},
{1,1,1,1,1},
{1,1,0,0,0}
}

[0.30450100000169722, 0.30758800000178599]
{
{0,0,1,1,1},
{1,1,1,1,1},
{1,1,1,1,1},
{1,1,1,1,1},
{1,1,1,0,0}
}

[0.30758800000178599, 0.3120850000019153]
{
{0,0,1,1,1},
{1,1,1,1,1},
{1,1,1,1,1},
{1,1,1,1,1},
{1,1,1,1,0}
}

[0.3120850000019153, 0.31261200000193046]
{
{0,0,1,1,1},
{1,1,1,1,1},
{1,1,1,1,1},
{1,1,1,1,1},
{1,1,1,1,1}
}

[0.31261200000193046, 0.3156980000020192]
{
{0,0,1,1,1,1},
{1,1,1,1,1,1},
{1,1,1,1,1,1},
{1,1,1,1,1,1},
{1,1,1,1,1,1},
{0,0,0,0,0,1}
}

[0.3156980000020192, 0.31726200000206417]
{
{0,0,1,1,1,1},
{1,1,1,1,1,1},
{1,1,1,1,1,1},
{1,1,1,1,1,1},
{1,1,1,1,1,1},
{0,0,0,0,1,1}
}

[0.31726200000206417, 0.31969000000213399]
{
{0,0,1,1,1,1},
{1,1,1,1,1,1},
{1,1,1,1,1,1},
{1,1,1,1,1,1},
{1,1,1,1,1,1},
{0,0,0,1,1,1}
}

[0.31969000000213399, 0.32260400000221778]
{
{0,0,1,1,1,1},
{1,1,1,1,1,1},
{1,1,1,1,1,1},
{1,1,1,1,1,1},
{1,1,1,1,1,1},
{0,0,1,1,1,1}
}

[0.32260400000221778, 0.32662500000233341]
{
{0,0,1,1,1,1},
{1,1,1,1,1,1},
{1,1,1,1,1,1},
{1,1,1,1,1,1},
{1,1,1,1,1,1},
{0,1,1,1,1,1}
}

[0.32662500000233341, 0.33022100000243682]
{
{0,0,1,1,1,1},
{1,1,1,1,1,1},
{1,1,1,1,1,1},
{1,1,1,1,1,1},
{1,1,1,1,1,1},
{1,1,1,1,1,1}
}

[0.33022100000243682, 0.33121800000246548]
{
{0,0,0,1,1,1},
{1,1,1,1,1,1},
{1,1,1,1,1,1},
{1,1,1,1,1,1},
{1,1,1,1,1,1},
{1,1,1,1,1,1}
}

[0.33121800000246548, 0.33370000000253686]
{
{0,0,0,1,1,1,1},
{1,1,1,1,1,1,1},
{1,1,1,1,1,1,1},
{1,1,1,1,1,1,1},
{1,1,1,1,1,1,1},
{1,1,1,1,1,1,1},
{1,0,0,0,0,0,0}
}

[0.33370000000253686, 0.33581100000259756]
{
{0,0,0,1,1,1,1},
{1,1,1,1,1,1,1},
{1,1,1,1,1,1,1},
{1,1,1,1,1,1,1},
{1,1,1,1,1,1,1},
{1,1,1,1,1,1,1},
{1,1,0,0,0,0,0}
}

[0.33581100000259756, 0.33704200000263296]
{
{0,0,0,1,1,1,1},
{1,1,1,1,1,1,1},
{1,1,1,1,1,1,1},
{1,1,1,1,1,1,1},
{1,1,1,1,1,1,1},
{1,1,1,1,1,1,1},
{1,1,1,0,0,0,0}
}

[0.33704200000263296, 0.33825800000266792]
{
{0,0,0,1,1,1,1},
{1,1,1,1,1,1,1},
{1,1,1,1,1,1,1},
{1,1,1,1,1,1,1},
{1,1,1,1,1,1,1},
{1,1,1,1,1,1,1},
{1,1,1,1,0,0,0}
}

[0.33825800000266792, 0.33907600000269145]
{
{0,0,0,1,1,1,1},
{1,1,1,1,1,1,1},
{1,1,1,1,1,1,1},
{1,1,1,1,1,1,1},
{1,1,1,1,1,1,1},
{1,1,1,1,1,1,1},
{1,1,1,1,1,0,0}
}

[0.33907600000269145, 0.34054400000273366]
{
{0,0,0,1,1,1,1},
{1,1,1,1,1,1,1},
{1,1,1,1,1,1,1},
{1,1,1,1,1,1,1},
{1,1,1,1,1,1,1},
{1,1,1,1,1,1,1},
{1,1,1,1,1,1,0}
}

[0.34054400000273366, 0.34067900000273754]
{
{0,0,0,1,1,1,1},
{1,1,1,1,1,1,1},
{1,1,1,1,1,1,1},
{1,1,1,1,1,1,1},
{1,1,1,1,1,1,1},
{1,1,1,1,1,1,1},
{1,1,1,1,1,1,1}
}

[0.34067900000273754, 0.34174800000276828]
{
{0,0,0,1,1,1,1,1},
{1,1,1,1,1,1,1,1},
{1,1,1,1,1,1,1,1},
{1,1,1,1,1,1,1,1},
{1,1,1,1,1,1,1,1},
{1,1,1,1,1,1,1,1},
{1,1,1,1,1,1,1,1},
{0,0,0,0,0,0,0,1}
}

[0.34174800000276828, 0.342225000002782]
{
{0,0,0,1,1,1,1,1},
{1,1,1,1,1,1,1,1},
{1,1,1,1,1,1,1,1},
{1,1,1,1,1,1,1,1},
{1,1,1,1,1,1,1,1},
{1,1,1,1,1,1,1,1},
{1,1,1,1,1,1,1,1},
{0,0,0,0,0,0,1,1}
}

[0.342225000002782, 0.34285000000279997]
{
{0,0,0,1,1,1,1,1},
{1,1,1,1,1,1,1,1},
{1,1,1,1,1,1,1,1},
{1,1,1,1,1,1,1,1},
{1,1,1,1,1,1,1,1},
{1,1,1,1,1,1,1,1},
{1,1,1,1,1,1,1,1},
{0,0,0,0,0,1,1,1}
}

[0.34285000000279997, 0.34345000000281722]
{
{0,0,0,1,1,1,1,1},
{1,1,1,1,1,1,1,1},
{1,1,1,1,1,1,1,1},
{1,1,1,1,1,1,1,1},
{1,1,1,1,1,1,1,1},
{1,1,1,1,1,1,1,1},
{1,1,1,1,1,1,1,1},
{0,0,0,0,1,1,1,1}
}

[0.34345000000281722, 0.34449400000284724]
{
{0,0,0,1,1,1,1,1},
{1,1,1,1,1,1,1,1},
{1,1,1,1,1,1,1,1},
{1,1,1,1,1,1,1,1},
{1,1,1,1,1,1,1,1},
{1,1,1,1,1,1,1,1},
{1,1,1,1,1,1,1,1},
{0,0,0,1,1,1,1,1}
}

[0.34449400000284724, 0.34584800000288618]
{
{0,0,0,1,1,1,1,1},
{1,1,1,1,1,1,1,1},
{1,1,1,1,1,1,1,1},
{1,1,1,1,1,1,1,1},
{1,1,1,1,1,1,1,1},
{1,1,1,1,1,1,1,1},
{1,1,1,1,1,1,1,1},
{0,0,1,1,1,1,1,1}
}

[0.34584800000288618, 0.34717900000292445]
{
{0,0,0,1,1,1,1,1},
{1,1,1,1,1,1,1,1},
{1,1,1,1,1,1,1,1},
{1,1,1,1,1,1,1,1},
{1,1,1,1,1,1,1,1},
{1,1,1,1,1,1,1,1},
{1,1,1,1,1,1,1,1},
{0,1,1,1,1,1,1,1}
}

[0.34717900000292445, 0.34967300000299617]
{
{0,0,0,1,1,1,1,1},
{1,1,1,1,1,1,1,1},
{1,1,1,1,1,1,1,1},
{1,1,1,1,1,1,1,1},
{1,1,1,1,1,1,1,1},
{1,1,1,1,1,1,1,1},
{1,1,1,1,1,1,1,1},
{1,1,1,1,1,1,1,1}
}

[0.34967300000299617, 0.35088700000303108]
{
{0,0,0,1,1,1,1,1,1},
{1,1,1,1,1,1,1,1,1},
{1,1,1,1,1,1,1,1,1},
{1,1,1,1,1,1,1,1,1},
{1,1,1,1,1,1,1,1,1},
{1,1,1,1,1,1,1,1,1},
{1,1,1,1,1,1,1,1,1},
{1,1,1,1,1,1,1,1,1},
{1,0,0,0,0,0,0,0,0}
}

[0.35088700000303108, 0.35189900000306018]
{
{0,0,0,1,1,1,1,1,1},
{1,1,1,1,1,1,1,1,1},
{1,1,1,1,1,1,1,1,1},
{1,1,1,1,1,1,1,1,1},
{1,1,1,1,1,1,1,1,1},
{1,1,1,1,1,1,1,1,1},
{1,1,1,1,1,1,1,1,1},
{1,1,1,1,1,1,1,1,1},
{1,1,0,0,0,0,0,0,0}
}

[0.35189900000306018, 0.35248900000307715]
{
{0,0,0,1,1,1,1,1,1},
{1,1,1,1,1,1,1,1,1},
{1,1,1,1,1,1,1,1,1},
{1,1,1,1,1,1,1,1,1},
{1,1,1,1,1,1,1,1,1},
{1,1,1,1,1,1,1,1,1},
{1,1,1,1,1,1,1,1,1},
{1,1,1,1,1,1,1,1,1},
{1,1,1,0,0,0,0,0,0}
}

[0.35248900000307715, 0.35305600000309345]
{
{0,0,0,1,1,1,1,1,1},
{1,1,1,1,1,1,1,1,1},
{1,1,1,1,1,1,1,1,1},
{1,1,1,1,1,1,1,1,1},
{1,1,1,1,1,1,1,1,1},
{1,1,1,1,1,1,1,1,1},
{1,1,1,1,1,1,1,1,1},
{1,1,1,1,1,1,1,1,1},
{1,1,1,1,0,0,0,0,0}
}

[0.35305600000309345, 0.35341500000310377]
{
{0,0,0,1,1,1,1,1,1},
{1,1,1,1,1,1,1,1,1},
{1,1,1,1,1,1,1,1,1},
{1,1,1,1,1,1,1,1,1},
{1,1,1,1,1,1,1,1,1},
{1,1,1,1,1,1,1,1,1},
{1,1,1,1,1,1,1,1,1},
{1,1,1,1,1,1,1,1,1},
{1,1,1,1,1,0,0,0,0}
}

[0.35341500000310377, 0.35379300000311464]
{
{0,0,0,1,1,1,1,1,1},
{1,1,1,1,1,1,1,1,1},
{1,1,1,1,1,1,1,1,1},
{1,1,1,1,1,1,1,1,1},
{1,1,1,1,1,1,1,1,1},
{1,1,1,1,1,1,1,1,1},
{1,1,1,1,1,1,1,1,1},
{1,1,1,1,1,1,1,1,1},
{1,1,1,1,1,1,0,0,0}
}

[0.35379300000311464, 0.35406900000312258]
{
{0,0,0,1,1,1,1,1,1},
{1,1,1,1,1,1,1,1,1},
{1,1,1,1,1,1,1,1,1},
{1,1,1,1,1,1,1,1,1},
{1,1,1,1,1,1,1,1,1},
{1,1,1,1,1,1,1,1,1},
{1,1,1,1,1,1,1,1,1},
{1,1,1,1,1,1,1,1,1},
{1,1,1,1,1,1,1,0,0}
}

[0.35406900000312258, 0.35411700000312396]
{
{0,0,0,1,1,1,1,1,1},
{1,1,1,1,1,1,1,1,1},
{1,1,1,1,1,1,1,1,1},
{1,1,1,1,1,1,1,1,1},
{1,1,1,1,1,1,1,1,1},
{1,1,1,1,1,1,1,1,1},
{1,1,1,1,1,1,1,1,1},
{1,1,1,1,1,1,1,1,1},
{1,1,1,1,1,1,1,1,0}
}

[0.35411700000312396, 0.35415600000312508]
{
{0,0,0,1,1,1,1,1,1},
{1,1,1,1,1,1,1,1,1},
{1,1,1,1,1,1,1,1,1},
{1,1,1,1,1,1,1,1,1},
{1,1,1,1,1,1,1,1,1},
{1,1,1,1,1,1,1,1,1},
{1,1,1,1,1,1,1,1,1},
{1,1,1,1,1,1,1,1,1},
{1,1,1,1,1,1,1,0,0}
}

[0.35415600000312508, 0.35466900000313983]
{
{0,0,0,1,1,1,1,1,1},
{1,1,1,1,1,1,1,1,1},
{1,1,1,1,1,1,1,1,1},
{1,1,1,1,1,1,1,1,1},
{1,1,1,1,1,1,1,1,1},
{1,1,1,1,1,1,1,1,1},
{1,1,1,1,1,1,1,1,1},
{1,1,1,1,1,1,1,1,1},
{1,1,1,1,1,1,1,1,0}
}

[0.35466900000313983, 0.35471100000314104]
{
{0,0,0,1,1,1,1,1,1},
{1,1,1,1,1,1,1,1,1},
{1,1,1,1,1,1,1,1,1},
{1,1,1,1,1,1,1,1,1},
{1,1,1,1,1,1,1,1,1},
{1,1,1,1,1,1,1,1,1},
{1,1,1,1,1,1,1,1,1},
{1,1,1,1,1,1,1,1,1},
{1,1,1,1,1,1,1,1,1}
}

[0.35471100000314104, 0.35513800000315332]
{
{0,0,0,1,1,1,1,1,1,1},
{1,1,1,1,1,1,1,1,1,1},
{1,1,1,1,1,1,1,1,1,1},
{1,1,1,1,1,1,1,1,1,1},
{1,1,1,1,1,1,1,1,1,1},
{1,1,1,1,1,1,1,1,1,1},
{1,1,1,1,1,1,1,1,1,1},
{1,1,1,1,1,1,1,1,1,1},
{1,1,1,1,1,1,1,1,1,1},
{0,0,0,0,0,0,0,0,0,1}
}

[0.35513800000315332, 0.35531900000315852]
{
{0,0,0,1,1,1,1,1,1,1},
{1,1,1,1,1,1,1,1,1,1},
{1,1,1,1,1,1,1,1,1,1},
{1,1,1,1,1,1,1,1,1,1},
{1,1,1,1,1,1,1,1,1,1},
{1,1,1,1,1,1,1,1,1,1},
{1,1,1,1,1,1,1,1,1,1},
{1,1,1,1,1,1,1,1,1,1},
{1,1,1,1,1,1,1,1,1,1},
{0,0,0,0,0,0,0,0,1,1}
}

[0.35531900000315852, 0.35553800000316482]
{
{0,0,0,1,1,1,1,1,1,1},
{1,1,1,1,1,1,1,1,1,1},
{1,1,1,1,1,1,1,1,1,1},
{1,1,1,1,1,1,1,1,1,1},
{1,1,1,1,1,1,1,1,1,1},
{1,1,1,1,1,1,1,1,1,1},
{1,1,1,1,1,1,1,1,1,1},
{1,1,1,1,1,1,1,1,1,1},
{1,1,1,1,1,1,1,1,1,1},
{0,0,0,0,0,0,0,1,1,1}
}

[0.35553800000316482, 0.35572900000317031]
{
{0,0,0,1,1,1,1,1,1,1},
{1,1,1,1,1,1,1,1,1,1},
{1,1,1,1,1,1,1,1,1,1},
{1,1,1,1,1,1,1,1,1,1},
{1,1,1,1,1,1,1,1,1,1},
{1,1,1,1,1,1,1,1,1,1},
{1,1,1,1,1,1,1,1,1,1},
{1,1,1,1,1,1,1,1,1,1},
{1,1,1,1,1,1,1,1,1,1},
{0,0,0,0,0,0,1,1,1,1}
}

[0.35572900000317031, 0.35601400000317851]
{
{0,0,0,1,1,1,1,1,1,1},
{1,1,1,1,1,1,1,1,1,1},
{1,1,1,1,1,1,1,1,1,1},
{1,1,1,1,1,1,1,1,1,1},
{1,1,1,1,1,1,1,1,1,1},
{1,1,1,1,1,1,1,1,1,1},
{1,1,1,1,1,1,1,1,1,1},
{1,1,1,1,1,1,1,1,1,1},
{1,1,1,1,1,1,1,1,1,1},
{0,0,0,0,0,1,1,1,1,1}
}

[0.35601400000317851, 0.35630800000318696]
{
{0,0,0,1,1,1,1,1,1,1},
{1,1,1,1,1,1,1,1,1,1},
{1,1,1,1,1,1,1,1,1,1},
{1,1,1,1,1,1,1,1,1,1},
{1,1,1,1,1,1,1,1,1,1},
{1,1,1,1,1,1,1,1,1,1},
{1,1,1,1,1,1,1,1,1,1},
{1,1,1,1,1,1,1,1,1,1},
{1,1,1,1,1,1,1,1,1,1},
{0,0,0,0,1,1,1,1,1,1}
}

[0.35630800000318696, 0.35683700000320218]
{
{0,0,0,1,1,1,1,1,1,1},
{1,1,1,1,1,1,1,1,1,1},
{1,1,1,1,1,1,1,1,1,1},
{1,1,1,1,1,1,1,1,1,1},
{1,1,1,1,1,1,1,1,1,1},
{1,1,1,1,1,1,1,1,1,1},
{1,1,1,1,1,1,1,1,1,1},
{1,1,1,1,1,1,1,1,1,1},
{1,1,1,1,1,1,1,1,1,1},
{0,0,0,1,1,1,1,1,1,1}
}

[0.35683700000320218, 0.35754900000322265]
{
{0,0,0,1,1,1,1,1,1,1},
{1,1,1,1,1,1,1,1,1,1},
{1,1,1,1,1,1,1,1,1,1},
{1,1,1,1,1,1,1,1,1,1},
{1,1,1,1,1,1,1,1,1,1},
{1,1,1,1,1,1,1,1,1,1},
{1,1,1,1,1,1,1,1,1,1},
{1,1,1,1,1,1,1,1,1,1},
{1,1,1,1,1,1,1,1,1,1},
{0,0,1,1,1,1,1,1,1,1}
}

[0.35754900000322265, 0.35847400000324925]
{
{0,0,0,1,1,1,1,1,1,1},
{1,1,1,1,1,1,1,1,1,1},
{1,1,1,1,1,1,1,1,1,1},
{1,1,1,1,1,1,1,1,1,1},
{1,1,1,1,1,1,1,1,1,1},
{1,1,1,1,1,1,1,1,1,1},
{1,1,1,1,1,1,1,1,1,1},
{1,1,1,1,1,1,1,1,1,1},
{1,1,1,1,1,1,1,1,1,1},
{0,1,1,1,1,1,1,1,1,1}
}

[0.35847400000324925, 0.35939000000327559]
{
{0,0,0,1,1,1,1,1,1,1},
{1,1,1,1,1,1,1,1,1,1},
{1,1,1,1,1,1,1,1,1,1},
{1,1,1,1,1,1,1,1,1,1},
{1,1,1,1,1,1,1,1,1,1},
{1,1,1,1,1,1,1,1,1,1},
{1,1,1,1,1,1,1,1,1,1},
{1,1,1,1,1,1,1,1,1,1},
{1,1,1,1,1,1,1,1,1,1},
{1,1,1,1,1,1,1,1,1,1}
}

[0.35939000000327559, 0.35947800000327812]
{
{0,0,0,0,1,1,1,1,1,1},
{1,1,1,1,1,1,1,1,1,1},
{1,1,1,1,1,1,1,1,1,1},
{1,1,1,1,1,1,1,1,1,1},
{1,1,1,1,1,1,1,1,1,1},
{1,1,1,1,1,1,1,1,1,1},
{1,1,1,1,1,1,1,1,1,1},
{1,1,1,1,1,1,1,1,1,1},
{1,1,1,1,1,1,1,1,1,1},
{1,1,1,1,1,1,1,1,1,1}
}

[0.35947800000327812, 0.3601310000032969]
{
{0,0,0,0,1,1,1,1,1,1,1},
{1,1,1,1,1,1,1,1,1,1,1},
{1,1,1,1,1,1,1,1,1,1,1},
{1,1,1,1,1,1,1,1,1,1,1},
{1,1,1,1,1,1,1,1,1,1,1},
{1,1,1,1,1,1,1,1,1,1,1},
{1,1,1,1,1,1,1,1,1,1,1},
{1,1,1,1,1,1,1,1,1,1,1},
{1,1,1,1,1,1,1,1,1,1,1},
{1,1,1,1,1,1,1,1,1,1,1},
{1,0,0,0,0,0,0,0,0,0,0}
}

[0.3601310000032969, 0.36066900000331237]
{
{0,0,0,0,1,1,1,1,1,1,1},
{1,1,1,1,1,1,1,1,1,1,1},
{1,1,1,1,1,1,1,1,1,1,1},
{1,1,1,1,1,1,1,1,1,1,1},
{1,1,1,1,1,1,1,1,1,1,1},
{1,1,1,1,1,1,1,1,1,1,1},
{1,1,1,1,1,1,1,1,1,1,1},
{1,1,1,1,1,1,1,1,1,1,1},
{1,1,1,1,1,1,1,1,1,1,1},
{1,1,1,1,1,1,1,1,1,1,1},
{1,1,0,0,0,0,0,0,0,0,0}
}

[0.36066900000331237, 0.36098100000332134]
{
{0,0,0,0,1,1,1,1,1,1,1},
{1,1,1,1,1,1,1,1,1,1,1},
{1,1,1,1,1,1,1,1,1,1,1},
{1,1,1,1,1,1,1,1,1,1,1},
{1,1,1,1,1,1,1,1,1,1,1},
{1,1,1,1,1,1,1,1,1,1,1},
{1,1,1,1,1,1,1,1,1,1,1},
{1,1,1,1,1,1,1,1,1,1,1},
{1,1,1,1,1,1,1,1,1,1,1},
{1,1,1,1,1,1,1,1,1,1,1},
{1,1,1,0,0,0,0,0,0,0,0}
}

[0.36098100000332134, 0.36127900000332991]
{
{0,0,0,0,1,1,1,1,1,1,1},
{1,1,1,1,1,1,1,1,1,1,1},
{1,1,1,1,1,1,1,1,1,1,1},
{1,1,1,1,1,1,1,1,1,1,1},
{1,1,1,1,1,1,1,1,1,1,1},
{1,1,1,1,1,1,1,1,1,1,1},
{1,1,1,1,1,1,1,1,1,1,1},
{1,1,1,1,1,1,1,1,1,1,1},
{1,1,1,1,1,1,1,1,1,1,1},
{1,1,1,1,1,1,1,1,1,1,1},
{1,1,1,1,0,0,0,0,0,0,0}
}

[0.36127900000332991, 0.36146400000333523]
{
{0,0,0,0,1,1,1,1,1,1,1},
{1,1,1,1,1,1,1,1,1,1,1},
{1,1,1,1,1,1,1,1,1,1,1},
{1,1,1,1,1,1,1,1,1,1,1},
{1,1,1,1,1,1,1,1,1,1,1},
{1,1,1,1,1,1,1,1,1,1,1},
{1,1,1,1,1,1,1,1,1,1,1},
{1,1,1,1,1,1,1,1,1,1,1},
{1,1,1,1,1,1,1,1,1,1,1},
{1,1,1,1,1,1,1,1,1,1,1},
{1,1,1,1,1,0,0,0,0,0,0}
}

[0.36146400000333523, 0.36165200000334063]
{
{0,0,0,0,1,1,1,1,1,1,1},
{1,1,1,1,1,1,1,1,1,1,1},
{1,1,1,1,1,1,1,1,1,1,1},
{1,1,1,1,1,1,1,1,1,1,1},
{1,1,1,1,1,1,1,1,1,1,1},
{1,1,1,1,1,1,1,1,1,1,1},
{1,1,1,1,1,1,1,1,1,1,1},
{1,1,1,1,1,1,1,1,1,1,1},
{1,1,1,1,1,1,1,1,1,1,1},
{1,1,1,1,1,1,1,1,1,1,1},
{1,1,1,1,1,1,0,0,0,0,0}
}

[0.36165200000334063, 0.36168700000334164]
{
{0,0,0,0,1,1,1,1,1,1,1},
{1,1,1,1,1,1,1,1,1,1,1},
{1,1,1,1,1,1,1,1,1,1,1},
{1,1,1,1,1,1,1,1,1,1,1},
{1,1,1,1,1,1,1,1,1,1,1},
{1,1,1,1,1,1,1,1,1,1,1},
{1,1,1,1,1,1,1,1,1,1,1},
{1,1,1,1,1,1,1,1,1,1,1},
{1,1,1,1,1,1,1,1,1,1,1},
{1,1,1,1,1,1,1,1,1,1,1},
{1,1,1,1,1,1,1,0,0,0,0}
}

[0.36168700000334164, 0.36173700000334308]
{
{0,0,0,0,1,1,1,1,1,1,1},
{1,1,1,1,1,1,1,1,1,1,1},
{1,1,1,1,1,1,1,1,1,1,1},
{1,1,1,1,1,1,1,1,1,1,1},
{1,1,1,1,1,1,1,1,1,1,1},
{1,1,1,1,1,1,1,1,1,1,1},
{1,1,1,1,1,1,1,1,1,1,1},
{1,1,1,1,1,1,1,1,1,1,1},
{1,1,1,1,1,1,1,1,1,1,1},
{1,1,1,1,1,1,1,1,1,1,1},
{1,1,1,1,1,1,0,0,0,0,0}
}

[0.36173700000334308, 0.36186200000334667]
{
{0,0,0,0,1,1,1,1,1,1,1},
{1,1,1,1,1,1,1,1,1,1,1},
{1,1,1,1,1,1,1,1,1,1,1},
{1,1,1,1,1,1,1,1,1,1,1},
{1,1,1,1,1,1,1,1,1,1,1},
{1,1,1,1,1,1,1,1,1,1,1},
{1,1,1,1,1,1,1,1,1,1,1},
{1,1,1,1,1,1,1,1,1,1,1},
{1,1,1,1,1,1,1,1,1,1,1},
{1,1,1,1,1,1,1,1,1,1,1},
{1,1,1,1,1,1,1,0,0,0,0}
}

[0.36186200000334667, 0.36200000000335064]
{
{0,0,0,0,1,1,1,1,1,1,1},
{1,1,1,1,1,1,1,1,1,1,1},
{1,1,1,1,1,1,1,1,1,1,1},
{1,1,1,1,1,1,1,1,1,1,1},
{1,1,1,1,1,1,1,1,1,1,1},
{1,1,1,1,1,1,1,1,1,1,1},
{1,1,1,1,1,1,1,1,1,1,1},
{1,1,1,1,1,1,1,1,1,1,1},
{1,1,1,1,1,1,1,1,1,1,1},
{1,1,1,1,1,1,1,1,1,1,1},
{1,1,1,1,1,1,1,1,0,0,0}
}

[0.36200000000335064, 0.36210700000335372]
{
{0,0,0,0,1,1,1,1,1,1,1},
{1,1,1,1,1,1,1,1,1,1,1},
{1,1,1,1,1,1,1,1,1,1,1},
{1,1,1,1,1,1,1,1,1,1,1},
{1,1,1,1,1,1,1,1,1,1,1},
{1,1,1,1,1,1,1,1,1,1,1},
{1,1,1,1,1,1,1,1,1,1,1},
{1,1,1,1,1,1,1,1,1,1,1},
{1,1,1,1,1,1,1,1,1,1,1},
{1,1,1,1,1,1,1,1,1,1,1},
{1,1,1,1,1,1,1,1,1,0,0}
}

[0.36210700000335372, 0.36231900000335981]
{
{0,0,0,0,1,1,1,1,1,1,1},
{1,1,1,1,1,1,1,1,1,1,1},
{1,1,1,1,1,1,1,1,1,1,1},
{1,1,1,1,1,1,1,1,1,1,1},
{1,1,1,1,1,1,1,1,1,1,1},
{1,1,1,1,1,1,1,1,1,1,1},
{1,1,1,1,1,1,1,1,1,1,1},
{1,1,1,1,1,1,1,1,1,1,1},
{1,1,1,1,1,1,1,1,1,1,1},
{1,1,1,1,1,1,1,1,1,1,1},
{1,1,1,1,1,1,1,1,1,1,0}
}

[0.36231900000335981, 0.36233500000336027]
{
{0,0,0,0,1,1,1,1,1,1,1},
{1,1,1,1,1,1,1,1,1,1,1},
{1,1,1,1,1,1,1,1,1,1,1},
{1,1,1,1,1,1,1,1,1,1,1},
{1,1,1,1,1,1,1,1,1,1,1},
{1,1,1,1,1,1,1,1,1,1,1},
{1,1,1,1,1,1,1,1,1,1,1},
{1,1,1,1,1,1,1,1,1,1,1},
{1,1,1,1,1,1,1,1,1,1,1},
{1,1,1,1,1,1,1,1,1,1,1},
{1,1,1,1,1,1,1,1,1,1,1}
}

[0.36233500000336027, 0.36252000000336559]
{
{0,0,0,0,1,1,1,1,1,1,1,1},
{1,1,1,1,1,1,1,1,1,1,1,1},
{1,1,1,1,1,1,1,1,1,1,1,1},
{1,1,1,1,1,1,1,1,1,1,1,1},
{1,1,1,1,1,1,1,1,1,1,1,1},
{1,1,1,1,1,1,1,1,1,1,1,1},
{1,1,1,1,1,1,1,1,1,1,1,1},
{1,1,1,1,1,1,1,1,1,1,1,1},
{1,1,1,1,1,1,1,1,1,1,1,1},
{1,1,1,1,1,1,1,1,1,1,1,1},
{1,1,1,1,1,1,1,1,1,1,1,1},
{0,0,0,0,0,0,0,0,0,0,0,1}
}

[0.36252000000336559, 0.36259600000336778]
{
{0,0,0,0,1,1,1,1,1,1,1,1},
{1,1,1,1,1,1,1,1,1,1,1,1},
{1,1,1,1,1,1,1,1,1,1,1,1},
{1,1,1,1,1,1,1,1,1,1,1,1},
{1,1,1,1,1,1,1,1,1,1,1,1},
{1,1,1,1,1,1,1,1,1,1,1,1},
{1,1,1,1,1,1,1,1,1,1,1,1},
{1,1,1,1,1,1,1,1,1,1,1,1},
{1,1,1,1,1,1,1,1,1,1,1,1},
{1,1,1,1,1,1,1,1,1,1,1,1},
{1,1,1,1,1,1,1,1,1,1,1,1},
{0,0,0,0,0,0,0,0,0,0,1,1}
}

[0.36259600000336778, 0.36268600000337037]
{
{0,0,0,0,1,1,1,1,1,1,1,1},
{1,1,1,1,1,1,1,1,1,1,1,1},
{1,1,1,1,1,1,1,1,1,1,1,1},
{1,1,1,1,1,1,1,1,1,1,1,1},
{1,1,1,1,1,1,1,1,1,1,1,1},
{1,1,1,1,1,1,1,1,1,1,1,1},
{1,1,1,1,1,1,1,1,1,1,1,1},
{1,1,1,1,1,1,1,1,1,1,1,1},
{1,1,1,1,1,1,1,1,1,1,1,1},
{1,1,1,1,1,1,1,1,1,1,1,1},
{1,1,1,1,1,1,1,1,1,1,1,1},
{0,0,0,0,0,0,0,0,0,1,1,1}
}

[0.36268600000337037, 0.3627600000033725]
{
{0,0,0,0,1,1,1,1,1,1,1,1},
{1,1,1,1,1,1,1,1,1,1,1,1},
{1,1,1,1,1,1,1,1,1,1,1,1},
{1,1,1,1,1,1,1,1,1,1,1,1},
{1,1,1,1,1,1,1,1,1,1,1,1},
{1,1,1,1,1,1,1,1,1,1,1,1},
{1,1,1,1,1,1,1,1,1,1,1,1},
{1,1,1,1,1,1,1,1,1,1,1,1},
{1,1,1,1,1,1,1,1,1,1,1,1},
{1,1,1,1,1,1,1,1,1,1,1,1},
{1,1,1,1,1,1,1,1,1,1,1,1},
{0,0,0,0,0,0,0,0,1,1,1,1}
}

[0.3627600000033725, 0.36286400000337549]
{
{0,0,0,0,1,1,1,1,1,1,1,1},
{1,1,1,1,1,1,1,1,1,1,1,1},
{1,1,1,1,1,1,1,1,1,1,1,1},
{1,1,1,1,1,1,1,1,1,1,1,1},
{1,1,1,1,1,1,1,1,1,1,1,1},
{1,1,1,1,1,1,1,1,1,1,1,1},
{1,1,1,1,1,1,1,1,1,1,1,1},
{1,1,1,1,1,1,1,1,1,1,1,1},
{1,1,1,1,1,1,1,1,1,1,1,1},
{1,1,1,1,1,1,1,1,1,1,1,1},
{1,1,1,1,1,1,1,1,1,1,1,1},
{0,0,0,0,0,0,0,1,1,1,1,1}
}

[0.36286400000337549, 0.36296000000337825]
{
{0,0,0,0,1,1,1,1,1,1,1,1},
{1,1,1,1,1,1,1,1,1,1,1,1},
{1,1,1,1,1,1,1,1,1,1,1,1},
{1,1,1,1,1,1,1,1,1,1,1,1},
{1,1,1,1,1,1,1,1,1,1,1,1},
{1,1,1,1,1,1,1,1,1,1,1,1},
{1,1,1,1,1,1,1,1,1,1,1,1},
{1,1,1,1,1,1,1,1,1,1,1,1},
{1,1,1,1,1,1,1,1,1,1,1,1},
{1,1,1,1,1,1,1,1,1,1,1,1},
{1,1,1,1,1,1,1,1,1,1,1,1},
{0,0,0,0,0,0,1,1,1,1,1,1}
}

[0.36296000000337825, 0.36311100000338259]
{
{0,0,0,0,1,1,1,1,1,1,1,1},
{1,1,1,1,1,1,1,1,1,1,1,1},
{1,1,1,1,1,1,1,1,1,1,1,1},
{1,1,1,1,1,1,1,1,1,1,1,1},
{1,1,1,1,1,1,1,1,1,1,1,1},
{1,1,1,1,1,1,1,1,1,1,1,1},
{1,1,1,1,1,1,1,1,1,1,1,1},
{1,1,1,1,1,1,1,1,1,1,1,1},
{1,1,1,1,1,1,1,1,1,1,1,1},
{1,1,1,1,1,1,1,1,1,1,1,1},
{1,1,1,1,1,1,1,1,1,1,1,1},
{0,0,0,0,0,1,1,1,1,1,1,1}
}

[0.36311100000338259, 0.36327000000338716]
{
{0,0,0,0,1,1,1,1,1,1,1,1},
{1,1,1,1,1,1,1,1,1,1,1,1},
{1,1,1,1,1,1,1,1,1,1,1,1},
{1,1,1,1,1,1,1,1,1,1,1,1},
{1,1,1,1,1,1,1,1,1,1,1,1},
{1,1,1,1,1,1,1,1,1,1,1,1},
{1,1,1,1,1,1,1,1,1,1,1,1},
{1,1,1,1,1,1,1,1,1,1,1,1},
{1,1,1,1,1,1,1,1,1,1,1,1},
{1,1,1,1,1,1,1,1,1,1,1,1},
{1,1,1,1,1,1,1,1,1,1,1,1},
{0,0,0,0,1,1,1,1,1,1,1,1}
}

[0.36327000000338716, 0.36356200000339556]
{
{0,0,0,0,1,1,1,1,1,1,1,1},
{1,1,1,1,1,1,1,1,1,1,1,1},
{1,1,1,1,1,1,1,1,1,1,1,1},
{1,1,1,1,1,1,1,1,1,1,1,1},
{1,1,1,1,1,1,1,1,1,1,1,1},
{1,1,1,1,1,1,1,1,1,1,1,1},
{1,1,1,1,1,1,1,1,1,1,1,1},
{1,1,1,1,1,1,1,1,1,1,1,1},
{1,1,1,1,1,1,1,1,1,1,1,1},
{1,1,1,1,1,1,1,1,1,1,1,1},
{1,1,1,1,1,1,1,1,1,1,1,1},
{0,0,0,1,1,1,1,1,1,1,1,1}
}

[0.36356200000339556, 0.36396200000340706]
{
{0,0,0,0,1,1,1,1,1,1,1,1},
{1,1,1,1,1,1,1,1,1,1,1,1},
{1,1,1,1,1,1,1,1,1,1,1,1},
{1,1,1,1,1,1,1,1,1,1,1,1},
{1,1,1,1,1,1,1,1,1,1,1,1},
{1,1,1,1,1,1,1,1,1,1,1,1},
{1,1,1,1,1,1,1,1,1,1,1,1},
{1,1,1,1,1,1,1,1,1,1,1,1},
{1,1,1,1,1,1,1,1,1,1,1,1},
{1,1,1,1,1,1,1,1,1,1,1,1},
{1,1,1,1,1,1,1,1,1,1,1,1},
{0,0,1,1,1,1,1,1,1,1,1,1}
}

[0.36396200000340706, 0.36434200000341799]
{
{0,0,0,0,1,1,1,1,1,1,1,1},
{1,1,1,1,1,1,1,1,1,1,1,1},
{1,1,1,1,1,1,1,1,1,1,1,1},
{1,1,1,1,1,1,1,1,1,1,1,1},
{1,1,1,1,1,1,1,1,1,1,1,1},
{1,1,1,1,1,1,1,1,1,1,1,1},
{1,1,1,1,1,1,1,1,1,1,1,1},
{1,1,1,1,1,1,1,1,1,1,1,1},
{1,1,1,1,1,1,1,1,1,1,1,1},
{1,1,1,1,1,1,1,1,1,1,1,1},
{1,1,1,1,1,1,1,1,1,1,1,1},
{0,1,1,1,1,1,1,1,1,1,1,1}
}

[0.36434200000341799, 0.36501200000343725]
{
{0,0,0,0,1,1,1,1,1,1,1,1},
{1,1,1,1,1,1,1,1,1,1,1,1},
{1,1,1,1,1,1,1,1,1,1,1,1},
{1,1,1,1,1,1,1,1,1,1,1,1},
{1,1,1,1,1,1,1,1,1,1,1,1},
{1,1,1,1,1,1,1,1,1,1,1,1},
{1,1,1,1,1,1,1,1,1,1,1,1},
{1,1,1,1,1,1,1,1,1,1,1,1},
{1,1,1,1,1,1,1,1,1,1,1,1},
{1,1,1,1,1,1,1,1,1,1,1,1},
{1,1,1,1,1,1,1,1,1,1,1,1},
{1,1,1,1,1,1,1,1,1,1,1,1}
}

[0.36501200000343725, 0.36538500000344798]
{
{0,0,0,0,1,1,1,1,1,1,1,1,1},
{1,1,1,1,1,1,1,1,1,1,1,1,1},
{1,1,1,1,1,1,1,1,1,1,1,1,1},
{1,1,1,1,1,1,1,1,1,1,1,1,1},
{1,1,1,1,1,1,1,1,1,1,1,1,1},
{1,1,1,1,1,1,1,1,1,1,1,1,1},
{1,1,1,1,1,1,1,1,1,1,1,1,1},
{1,1,1,1,1,1,1,1,1,1,1,1,1},
{1,1,1,1,1,1,1,1,1,1,1,1,1},
{1,1,1,1,1,1,1,1,1,1,1,1,1},
{1,1,1,1,1,1,1,1,1,1,1,1,1},
{1,1,1,1,1,1,1,1,1,1,1,1,1},
{1,0,0,0,0,0,0,0,0,0,0,0,0}
}

[0.36538500000344798, 0.36568900000345672]
{
{0,0,0,0,1,1,1,1,1,1,1,1,1},
{1,1,1,1,1,1,1,1,1,1,1,1,1},
{1,1,1,1,1,1,1,1,1,1,1,1,1},
{1,1,1,1,1,1,1,1,1,1,1,1,1},
{1,1,1,1,1,1,1,1,1,1,1,1,1},
{1,1,1,1,1,1,1,1,1,1,1,1,1},
{1,1,1,1,1,1,1,1,1,1,1,1,1},
{1,1,1,1,1,1,1,1,1,1,1,1,1},
{1,1,1,1,1,1,1,1,1,1,1,1,1},
{1,1,1,1,1,1,1,1,1,1,1,1,1},
{1,1,1,1,1,1,1,1,1,1,1,1,1},
{1,1,1,1,1,1,1,1,1,1,1,1,1},
{1,1,0,0,0,0,0,0,0,0,0,0,0}
}

[0.36568900000345672, 0.36586500000346178]
{
{0,0,0,0,1,1,1,1,1,1,1,1,1},
{1,1,1,1,1,1,1,1,1,1,1,1,1},
{1,1,1,1,1,1,1,1,1,1,1,1,1},
{1,1,1,1,1,1,1,1,1,1,1,1,1},
{1,1,1,1,1,1,1,1,1,1,1,1,1},
{1,1,1,1,1,1,1,1,1,1,1,1,1},
{1,1,1,1,1,1,1,1,1,1,1,1,1},
{1,1,1,1,1,1,1,1,1,1,1,1,1},
{1,1,1,1,1,1,1,1,1,1,1,1,1},
{1,1,1,1,1,1,1,1,1,1,1,1,1},
{1,1,1,1,1,1,1,1,1,1,1,1,1},
{1,1,1,1,1,1,1,1,1,1,1,1,1},
{1,1,1,0,0,0,0,0,0,0,0,0,0}
}

[0.36586500000346178, 0.3659]
{
{0,0,0,0,1,1,1,1,1,1,1,1,1},
{1,1,1,1,1,1,1,1,1,1,1,1,1},
{1,1,1,1,1,1,1,1,1,1,1,1,1},
{1,1,1,1,1,1,1,1,1,1,1,1,1},
{1,1,1,1,1,1,1,1,1,1,1,1,1},
{1,1,1,1,1,1,1,1,1,1,1,1,1},
{1,1,1,1,1,1,1,1,1,1,1,1,1},
{1,1,1,1,1,1,1,1,1,1,1,1,1},
{1,1,1,1,1,1,1,1,1,1,1,1,1},
{1,1,1,1,1,1,1,1,1,1,1,1,1},
{1,1,1,1,1,1,1,1,1,1,1,1,1},
{1,1,1,1,1,1,1,1,1,1,1,1,1},
{1,1,1,1,0,0,0,0,0,0,0,0,0}
}

result: true
Computation completed: Sat Mar  1 04:40:18 2025
Elapsed time: 122.89344746231669 minutes
